<?xml version="1.0" encoding="UTF-8"?>
<!-- Generated by org.testng.reporters.JUnitReportReporter -->
<testsuite hostname="LAPTOP-573P8KRO" failures="0" tests="1" name="sampleTestNGPractice.SecondTesNGCls" time="8.739" errors="0" timestamp="18 Aug. 2019 07:46:09 GMT" skipped="0">
  <testcase classname="sampleTestNGPractice.SecondTesNGCls" name="Dropdownlist" time="8.739"/>
</testsuite> <!-- sampleTestNGPractice.SecondTesNGCls -->
