<?xml version="1.0" encoding="UTF-8"?>
<!-- Generated by org.testng.reporters.JUnitReportReporter -->
<testsuite hostname="LAPTOP-573P8KRO" failures="0" tests="1" name="sampleTestNGPractice.FirstTestNGcls" time="6.359" errors="0" timestamp="19 Aug. 2019 11:40:34 GMT" skipped="0">
  <testcase classname="sampleTestNGPractice.FirstTestNGcls" name="stest" time="6.359"/>
</testsuite> <!-- sampleTestNGPractice.FirstTestNGcls -->
